2025-11-10 10:56:00,136 - INFO - Scheduler started...
2025-11-10 10:57:00,169 - INFO - Running ETL job...
2025-11-10 10:58:14,352 - INFO - ETL completed successfully
2025-11-10 10:59:14,381 - INFO - Running ETL job...
2025-11-10 10:59:53,186 - INFO - ETL completed successfully
2025-11-10 11:00:53,242 - INFO - Running ETL job...
2025-11-10 11:01:22,333 - INFO - ETL completed successfully
2025-11-13 18:54:47,422 - INFO - Scheduler started...
2025-11-13 18:56:23,378 - INFO - Scheduler started...
2025-11-13 19:00:03,530 - INFO - Running ETL job...
2025-11-13 19:00:18,043 - ERROR - ETL failed: Traceback (most recent call last):
  File "E:\PySpark_Projects\crypto_etl\src\daily_etl.py", line 61, in <module>
    main()
  File "E:\PySpark_Projects\crypto_etl\src\daily_etl.py", line 20, in main
    setup_logging()
  File "E:\PySpark_Projects\crypto_etl\src\utils.py", line 12, in setup_logging
    log_file = os.path.join(logs_dir, f"etl_{datetime.now().strftime('%Y%m%d')}.log")
AttributeError: module 'datetime' has no attribute 'now'

2025-11-13 19:03:58,308 - INFO - Scheduler started...
2025-11-13 19:05:08,362 - INFO - Running ETL job...
2025-11-13 19:06:31,796 - INFO - ETL completed successfully
